L 02/04/2022 - 00:07:16: SourceMod error session started
L 02/04/2022 - 00:07:16: Info (map "c6m3_port") (file "C:\Users\David\Games\Left 4 Dead 2\Components\left4dead2\addons\sourcemod\logs\errors_20220204.log")
L 02/04/2022 - 00:07:16: Error log file session closed.
L 02/04/2022 - 00:27:52: SourceMod error session started
L 02/04/2022 - 00:27:52: Info (map "c6m3_port") (file "C:\Users\David\Games\Left 4 Dead 2\Components\left4dead2\addons\sourcemod\logs\errors_20220204.log")
L 02/04/2022 - 00:27:52: [left4dhooks.smx] Failed to find signature: "CDirector::ForceNextStage::Address" (WIN/2/1.86)
L 02/04/2022 - 00:27:52: [left4dhooks.smx] Failed to find signature: "CTerrorGameRules::IsRealismMode" (WIN/2/1.86)
L 02/04/2022 - 00:27:52: [left4dhooks.smx] Failed to find signature: "CTerrorPlayer::CancelStagger" (WIN/2/1.86)
L 02/04/2022 - 00:27:52: [left4dhooks.smx] Failed to find signature: "CDirector::RegisterForbiddenTarget" (WIN/2/1.86)
L 02/04/2022 - 00:27:52: [left4dhooks.smx] Failed to find signature: "CDirector::UnregisterForbiddenTarget" (WIN/2/1.86)
L 02/04/2022 - 00:27:52: [left4dhooks.smx] Failed to load detour "L4DD::SurvivorBot::UseHealingItems" signature (WIN/2/1.86).
L 02/04/2022 - 00:37:09: Error log file session closed.
L 02/04/2022 - 12:36:06: SourceMod error session started
L 02/04/2022 - 12:36:06: Info (map "c6m2_bedlam") (file "C:\Users\David\Games\Left 4 Dead 2\Components\left4dead2\addons\sourcemod\logs\errors_20220204.log")
L 02/04/2022 - 12:36:06: [left4dhooks.smx] Failed to find signature: "CDirector::ForceNextStage::Address" (WIN/2/1.86)
L 02/04/2022 - 12:36:06: [left4dhooks.smx] Failed to find signature: "CTerrorGameRules::IsRealismMode" (WIN/2/1.86)
L 02/04/2022 - 12:36:06: [left4dhooks.smx] Failed to find signature: "CTerrorPlayer::CancelStagger" (WIN/2/1.86)
L 02/04/2022 - 12:36:06: [left4dhooks.smx] Failed to find signature: "CDirector::RegisterForbiddenTarget" (WIN/2/1.86)
L 02/04/2022 - 12:36:06: [left4dhooks.smx] Failed to find signature: "CDirector::UnregisterForbiddenTarget" (WIN/2/1.86)
L 02/04/2022 - 12:36:06: [left4dhooks.smx] Failed to load detour "L4DD::SurvivorBot::UseHealingItems" signature (WIN/2/1.86).
L 02/04/2022 - 12:55:22: Error log file session closed.
L 02/04/2022 - 13:44:11: SourceMod error session started
L 02/04/2022 - 13:44:11: Info (map "c6m3_port") (file "C:\Users\David\Games\Left 4 Dead 2\Components\left4dead2\addons\sourcemod\logs\errors_20220204.log")
L 02/04/2022 - 13:44:11: [left4dhooks.smx] Failed to find signature: "CDirector::ForceNextStage::Address" (WIN/2/1.86)
L 02/04/2022 - 13:44:11: [left4dhooks.smx] Failed to find signature: "CTerrorGameRules::IsRealismMode" (WIN/2/1.86)
L 02/04/2022 - 13:44:11: [left4dhooks.smx] Failed to find signature: "CTerrorPlayer::CancelStagger" (WIN/2/1.86)
L 02/04/2022 - 13:44:11: [left4dhooks.smx] Failed to find signature: "CDirector::RegisterForbiddenTarget" (WIN/2/1.86)
L 02/04/2022 - 13:44:11: [left4dhooks.smx] Failed to find signature: "CDirector::UnregisterForbiddenTarget" (WIN/2/1.86)
L 02/04/2022 - 13:44:11: [left4dhooks.smx] Failed to load detour "L4DD::SurvivorBot::UseHealingItems" signature (WIN/2/1.86).
L 02/04/2022 - 13:54:09: Error log file session closed.
L 02/04/2022 - 14:13:27: SourceMod error session started
L 02/04/2022 - 14:13:27: Info (map "c3m1_plankcountry") (file "C:\Users\David\Games\Left 4 Dead 2\Components\left4dead2\addons\sourcemod\logs\errors_20220204.log")
L 02/04/2022 - 14:13:27: [left4dhooks.smx] Failed to find signature: "CDirector::ForceNextStage::Address" (WIN/2/1.86)
L 02/04/2022 - 14:13:27: [left4dhooks.smx] Failed to find signature: "CTerrorGameRules::IsRealismMode" (WIN/2/1.86)
L 02/04/2022 - 14:13:27: [left4dhooks.smx] Failed to find signature: "CTerrorPlayer::CancelStagger" (WIN/2/1.86)
L 02/04/2022 - 14:13:27: [left4dhooks.smx] Failed to find signature: "CDirector::RegisterForbiddenTarget" (WIN/2/1.86)
L 02/04/2022 - 14:13:27: [left4dhooks.smx] Failed to find signature: "CDirector::UnregisterForbiddenTarget" (WIN/2/1.86)
L 02/04/2022 - 14:13:28: [left4dhooks.smx] Failed to load detour "L4DD::SurvivorBot::UseHealingItems" signature (WIN/2/1.86).
L 02/04/2022 - 14:35:45: Error log file session closed.
L 02/04/2022 - 16:03:46: SourceMod error session started
L 02/04/2022 - 16:03:46: Info (map "c6m3_port") (file "C:\Users\David\Games\Left 4 Dead 2\Components\left4dead2\addons\sourcemod\logs\errors_20220204.log")
L 02/04/2022 - 16:03:46: [left4dhooks.smx] Failed to find signature: "CDirector::ForceNextStage::Address" (WIN/2/1.86)
L 02/04/2022 - 16:03:46: [left4dhooks.smx] Failed to find signature: "CTerrorGameRules::IsRealismMode" (WIN/2/1.86)
L 02/04/2022 - 16:03:46: [left4dhooks.smx] Failed to find signature: "CTerrorPlayer::CancelStagger" (WIN/2/1.86)
L 02/04/2022 - 16:03:46: [left4dhooks.smx] Failed to find signature: "CDirector::RegisterForbiddenTarget" (WIN/2/1.86)
L 02/04/2022 - 16:03:46: [left4dhooks.smx] Failed to find signature: "CDirector::UnregisterForbiddenTarget" (WIN/2/1.86)
L 02/04/2022 - 16:03:46: [left4dhooks.smx] Failed to load detour "L4DD::SurvivorBot::UseHealingItems" signature (WIN/2/1.86).
L 02/04/2022 - 16:37:18: Error log file session closed.
L 02/04/2022 - 16:49:30: SourceMod error session started
L 02/04/2022 - 16:49:30: Info (map "c3m4_plantation") (file "C:\Users\David\Games\Left 4 Dead 2\Components\left4dead2\addons\sourcemod\logs\errors_20220204.log")
L 02/04/2022 - 16:49:30: [left4dhooks.smx] Failed to find signature: "CDirector::ForceNextStage::Address" (WIN/2/1.86)
L 02/04/2022 - 16:49:30: [left4dhooks.smx] Failed to find signature: "CTerrorGameRules::IsRealismMode" (WIN/2/1.86)
L 02/04/2022 - 16:49:30: [left4dhooks.smx] Failed to find signature: "CTerrorPlayer::CancelStagger" (WIN/2/1.86)
L 02/04/2022 - 16:49:30: [left4dhooks.smx] Failed to find signature: "CDirector::RegisterForbiddenTarget" (WIN/2/1.86)
L 02/04/2022 - 16:49:30: [left4dhooks.smx] Failed to find signature: "CDirector::UnregisterForbiddenTarget" (WIN/2/1.86)
L 02/04/2022 - 16:49:30: [left4dhooks.smx] Failed to load detour "L4DD::SurvivorBot::UseHealingItems" signature (WIN/2/1.86).
L 02/04/2022 - 17:28:10: Error log file session closed.
L 02/04/2022 - 17:38:38: SourceMod error session started
L 02/04/2022 - 17:38:38: Info (map "c1m2_streets") (file "C:\Users\David\Games\Left 4 Dead 2\Components\left4dead2\addons\sourcemod\logs\errors_20220204.log")
L 02/04/2022 - 17:38:38: [left4dhooks.smx] Failed to find signature: "CDirector::ForceNextStage::Address" (WIN/2/1.86)
L 02/04/2022 - 17:38:38: [left4dhooks.smx] Failed to find signature: "CTerrorGameRules::IsRealismMode" (WIN/2/1.86)
L 02/04/2022 - 17:38:38: [left4dhooks.smx] Failed to find signature: "CTerrorPlayer::CancelStagger" (WIN/2/1.86)
L 02/04/2022 - 17:38:38: [left4dhooks.smx] Failed to find signature: "CDirector::RegisterForbiddenTarget" (WIN/2/1.86)
L 02/04/2022 - 17:38:38: [left4dhooks.smx] Failed to find signature: "CDirector::UnregisterForbiddenTarget" (WIN/2/1.86)
L 02/04/2022 - 17:38:38: [left4dhooks.smx] Failed to load detour "L4DD::SurvivorBot::UseHealingItems" signature (WIN/2/1.86).
L 02/04/2022 - 18:02:22: Error log file session closed.
L 02/04/2022 - 18:12:16: SourceMod error session started
L 02/04/2022 - 18:12:16: Info (map "c1m2_streets") (file "C:\Users\David\Games\Left 4 Dead 2\Components\left4dead2\addons\sourcemod\logs\errors_20220204.log")
L 02/04/2022 - 18:12:16: [left4dhooks.smx] Failed to find signature: "CDirector::ForceNextStage::Address" (WIN/2/1.86)
L 02/04/2022 - 18:12:16: [left4dhooks.smx] Failed to find signature: "CTerrorGameRules::IsRealismMode" (WIN/2/1.86)
L 02/04/2022 - 18:12:16: [left4dhooks.smx] Failed to find signature: "CTerrorPlayer::CancelStagger" (WIN/2/1.86)
L 02/04/2022 - 18:12:16: [left4dhooks.smx] Failed to find signature: "CDirector::RegisterForbiddenTarget" (WIN/2/1.86)
L 02/04/2022 - 18:12:16: [left4dhooks.smx] Failed to find signature: "CDirector::UnregisterForbiddenTarget" (WIN/2/1.86)
L 02/04/2022 - 18:12:16: [left4dhooks.smx] Failed to load detour "L4DD::SurvivorBot::UseHealingItems" signature (WIN/2/1.86).
L 02/04/2022 - 18:19:26: Error log file session closed.
L 02/04/2022 - 18:21:41: SourceMod error session started
L 02/04/2022 - 18:21:41: Info (map "c1m2_streets") (file "C:\Users\David\Games\Left 4 Dead 2\Components\left4dead2\addons\sourcemod\logs\errors_20220204.log")
L 02/04/2022 - 18:21:41: [left4dhooks.smx] Failed to find signature: "CDirector::ForceNextStage::Address" (WIN/2/1.86)
L 02/04/2022 - 18:21:41: [left4dhooks.smx] Failed to find signature: "CTerrorGameRules::IsRealismMode" (WIN/2/1.86)
L 02/04/2022 - 18:21:41: [left4dhooks.smx] Failed to find signature: "CTerrorPlayer::CancelStagger" (WIN/2/1.86)
L 02/04/2022 - 18:21:41: [left4dhooks.smx] Failed to find signature: "CDirector::RegisterForbiddenTarget" (WIN/2/1.86)
L 02/04/2022 - 18:21:41: [left4dhooks.smx] Failed to find signature: "CDirector::UnregisterForbiddenTarget" (WIN/2/1.86)
L 02/04/2022 - 18:21:41: [left4dhooks.smx] Failed to load detour "L4DD::SurvivorBot::UseHealingItems" signature (WIN/2/1.86).
L 02/04/2022 - 18:29:25: Error log file session closed.
L 02/04/2022 - 19:01:23: SourceMod error session started
L 02/04/2022 - 19:01:23: Info (map "c1m2_streets") (file "C:\Users\David\Games\Left 4 Dead 2\Components\left4dead2\addons\sourcemod\logs\errors_20220204.log")
L 02/04/2022 - 19:01:23: [left4dhooks.smx] Failed to find signature: "CDirector::ForceNextStage::Address" (WIN/2/1.86)
L 02/04/2022 - 19:01:23: [left4dhooks.smx] Failed to find signature: "CTerrorGameRules::IsRealismMode" (WIN/2/1.86)
L 02/04/2022 - 19:01:23: [left4dhooks.smx] Failed to find signature: "CTerrorPlayer::CancelStagger" (WIN/2/1.86)
L 02/04/2022 - 19:01:23: [left4dhooks.smx] Failed to find signature: "CDirector::RegisterForbiddenTarget" (WIN/2/1.86)
L 02/04/2022 - 19:01:23: [left4dhooks.smx] Failed to find signature: "CDirector::UnregisterForbiddenTarget" (WIN/2/1.86)
L 02/04/2022 - 19:01:23: [left4dhooks.smx] Failed to load detour "L4DD::SurvivorBot::UseHealingItems" signature (WIN/2/1.86).
L 02/04/2022 - 19:03:03: Error log file session closed.
