L 02/03/2022 - 07:09:41: SourceMod log file session started (file "C:\Users\David\Games\Left 4 Dead 2\Components\left4dead2\addons\sourcemod\logs\L20220203.log") (Version "1.10.0.6528")
L 02/03/2022 - 07:09:41: -------- Mapchange to c1m4_atrium --------
L 02/03/2022 - 07:16:44: Log file closed.
L 02/03/2022 - 08:49:15: SourceMod log file session started (file "C:\Users\David\Games\Left 4 Dead 2\Components\left4dead2\addons\sourcemod\logs\L20220203.log") (Version "1.10.0.6528")
L 02/03/2022 - 08:49:15: -------- Mapchange to c1m2_streets --------
L 02/03/2022 - 08:55:02: Log file closed.
L 02/03/2022 - 13:19:48: SourceMod log file session started (file "C:\Users\David\Games\Left 4 Dead 2\Components\left4dead2\addons\sourcemod\logs\L20220203.log") (Version "1.10.0.6528")
L 02/03/2022 - 13:19:48: -------- Mapchange to c6m3_port --------
L 02/03/2022 - 13:39:04: Log file closed.
L 02/03/2022 - 14:10:48: SourceMod log file session started (file "C:\Users\David\Games\Left 4 Dead 2\Components\left4dead2\addons\sourcemod\logs\L20220203.log") (Version "1.10.0.6528")
L 02/03/2022 - 14:10:48: -------- Mapchange to c2m2_fairgrounds --------
L 02/03/2022 - 14:33:22: -------- Mapchange to c2m3_coaster --------
L 02/03/2022 - 14:58:21: -------- Mapchange to c2m4_barns --------
L 02/03/2022 - 15:23:36: -------- Mapchange to c2m5_concert --------
L 02/03/2022 - 15:54:13: Log file closed.
L 02/03/2022 - 18:29:30: SourceMod log file session started (file "C:\Users\David\Games\Left 4 Dead 2\Components\left4dead2\addons\sourcemod\logs\L20220203.log") (Version "1.10.0.6528")
L 02/03/2022 - 18:29:30: -------- Mapchange to c2m2_fairgrounds --------
L 02/03/2022 - 18:34:04: -------- Mapchange to c2m2_fairgrounds --------
L 02/03/2022 - 18:37:18: -------- Mapchange to c1m2_streets --------
L 02/03/2022 - 18:47:38: Log file closed.
